<?xml version="1.0" encoding="UTF-8"?>
<!-- Generated by org.testng.reporters.JUnitReportReporter -->
<testsuite hostname="LAPTOP-98EOKGMK" failures="0" tests="4" name="Test.test" time="24.341" errors="0" timestamp="2022-03-24T19:25:13 IST" skipped="0">
  <testcase classname="Test.test" name="launchChrome" time="5.184"/>
  <system-out/>
  <testcase classname="Test.test" name="register" time="3.458"/>
  <system-out/>
  <testcase classname="Test.test" name="login" time="5.626"/>
  <system-out/>
  <testcase classname="Test.test" name="addToCart" time="10.073"/>
  <system-out/>
</testsuite> <!-- Test.test -->
